running CONFIG_SHELL=/bin/sh /bin/sh ./configure --no-create --no-recursion
checking llvm-config... no
checking LLVM package version... unknown
checking for clang... clang
checking for C compiler default output file name... a.out
checking whether the C compiler works... yes
checking whether we are cross compiling... no
checking for suffix of executables... 
checking for suffix of object files... o
checking whether we are using the GNU C compiler... yes
checking whether clang accepts -g... yes
checking for clang option to accept ISO C89... none needed
checking for clang++... clang++
checking whether we are using the GNU C++ compiler... yes
checking whether clang++ accepts -g... yes
checking how to run the C preprocessor... clang -E
checking build system type... x86_64-unknown-linux-gnu
checking host system type... x86_64-unknown-linux-gnu
checking target system type... x86_64-unknown-linux-gnu
checking type of operating system we're going to host on... Linux
checking type of operating system we're going to target... Linux
checking target architecture... x86_64
checking for grep that handles long lines and -e... /usr/bin/grep
checking for egrep... /usr/bin/grep -E
checking for ANSI C header files... yes
checking for sys/types.h... yes
checking for sys/stat.h... yes
checking for stdlib.h... yes
checking for string.h... yes
checking for memory.h... yes
checking for strings.h... yes
checking for inttypes.h... yes
